<?xml version="1.0" encoding="UTF-8"?>
<testsuite name="com.bridgelabz.selenium.AmazonOTPHandle" tests="1" skipped="0" failures="0" errors="0" timestamp="2020-01-22T11:46:35" hostname="admin1-desktop" time="10.916">
  <properties/>
  <testcase name="testName" classname="com.bridgelabz.selenium.AmazonOTPHandle" time="10.916"/>
  <system-out><![CDATA[842676 is your Amazon OTP. OTP is confidential. For security reasons, DO NOT share this OTP with anyone.
]]></system-out>
  <system-err><![CDATA[Starting ChromeDriver 79.0.3945.36 (3582db32b33893869b8c1339e8f4d9ed1816f143-refs/branch-heads/3945@{#614}) on port 30307
Only local connections are allowed.
Please protect ports used by ChromeDriver and related test frameworks to prevent access by malicious code.
Jan 22, 2020 5:16:34 PM org.openqa.selenium.remote.ProtocolHandshake createSession
INFO: Detected dialect: W3C
]]></system-err>
</testsuite>
